<?xml version="1.0" encoding="UTF-8"?>
<!-- Generated by org.testng.reporters.JUnitReportReporter -->
<testsuite hostname="DESKTOP-I35D3F1" failures="0" tests="1" name="com.vtechsolution.orangehrm.testcases.Login_TC_01" time="1.560" errors="0" timestamp="2022-08-21T11:39:41 IST" skipped="0">
  <testcase classname="com.vtechsolution.orangehrm.testcases.Login_TC_01" name="verifylogoTC2" time="1.560"/>
  <system-out/>
</testsuite> <!-- com.vtechsolution.orangehrm.testcases.Login_TC_01 -->
