<?xml version="1.0" encoding="UTF-8"?>
<!-- Generated by org.testng.reporters.JUnitReportReporter -->
<testsuite hostname="DESKTOP-I35D3F1" failures="0" tests="3" name="com.vtechsolution.orangehrm.testcases.Login_TC_01" time="4.409" errors="0" timestamp="2022-09-05T11:26:05 IST" skipped="0">
  <testcase classname="com.vtechsolution.orangehrm.testcases.Login_TC_01" name="verifyLoginPageTitleTC3" time="0.020"/>
  <system-out/>
  <testcase classname="com.vtechsolution.orangehrm.testcases.Login_TC_01" name="verifylogoTC2" time="0.583"/>
  <system-out/>
  <testcase classname="com.vtechsolution.orangehrm.testcases.Login_TC_01" name="loginTestTC1" time="3.806"/>
  <system-out/>
</testsuite> <!-- com.vtechsolution.orangehrm.testcases.Login_TC_01 -->
