<?xml version="1.0" encoding="UTF-8"?>
<!-- Generated by org.testng.reporters.JUnitReportReporter -->
<testsuite hostname="DESKTOP-I35D3F1" failures="0" tests="4" name="com.vtechsolution.orangehrm.testcases.LoginTC_DDT_03" time="76.165" errors="0" timestamp="2022-09-05T11:28:01 IST" skipped="0">
  <testcase classname="com.vtechsolution.orangehrm.testcases.LoginTC_DDT_03" name="Login_DDT_TC" time="20.120"/>
  <system-out/>
  <testcase classname="com.vtechsolution.orangehrm.testcases.LoginTC_DDT_03" name="Login_DDT_TC" time="18.056"/>
  <system-out/>
  <testcase classname="com.vtechsolution.orangehrm.testcases.LoginTC_DDT_03" name="Login_DDT_TC" time="18.753"/>
  <system-out/>
  <testcase classname="com.vtechsolution.orangehrm.testcases.LoginTC_DDT_03" name="Login_DDT_TC" time="19.236"/>
  <system-out/>
</testsuite> <!-- com.vtechsolution.orangehrm.testcases.LoginTC_DDT_03 -->
