<?xml version="1.0" encoding="UTF-8"?>
<!-- Generated by org.testng.reporters.JUnitReportReporter -->
<testsuite hostname="DESKTOP-I35D3F1" failures="0" tests="4" name="com.vtechsolution.orangehrm.testcases.LoginTC_DDT_03" time="95.696" errors="0" timestamp="2022-08-30T11:40:41 IST" skipped="0">
  <testcase classname="com.vtechsolution.orangehrm.testcases.LoginTC_DDT_03" name="Login_DDT_TC" time="17.777"/>
  <system-out/>
  <testcase classname="com.vtechsolution.orangehrm.testcases.LoginTC_DDT_03" name="Login_DDT_TC" time="17.150"/>
  <system-out/>
  <testcase classname="com.vtechsolution.orangehrm.testcases.LoginTC_DDT_03" name="Login_DDT_TC" time="25.516"/>
  <system-out/>
  <testcase classname="com.vtechsolution.orangehrm.testcases.LoginTC_DDT_03" name="Login_DDT_TC" time="35.253"/>
  <system-out/>
</testsuite> <!-- com.vtechsolution.orangehrm.testcases.LoginTC_DDT_03 -->
