<?xml version="1.0" encoding="UTF-8"?>
<!-- Generated by org.testng.reporters.JUnitReportReporter -->
<testsuite hostname="DESKTOP-I35D3F1" failures="0" tests="3" name="com.vtechsolution.orangehrm.testcases.Login_TC_3" time="4.643" errors="0" timestamp="2022-08-14T15:08:05 IST" skipped="0">
  <testcase classname="com.vtechsolution.orangehrm.testcases.Login_TC_3" name="verifyLoginPageTitleTC3" time="0.016"/>
  <system-out/>
  <testcase classname="com.vtechsolution.orangehrm.testcases.Login_TC_3" name="verifylogoTC2" time="0.073"/>
  <system-out/>
  <testcase classname="com.vtechsolution.orangehrm.testcases.Login_TC_3" name="loginTestTC1" time="4.554"/>
  <system-out/>
</testsuite> <!-- com.vtechsolution.orangehrm.testcases.Login_TC_3 -->
