<?xml version="1.0" encoding="UTF-8"?>
<!-- Generated by org.testng.reporters.JUnitReportReporter -->
<testsuite hostname="DESKTOP-I35D3F1" failures="0" tests="1" name="com.vtechsolution.orangehrm.testcases.Login_TC_UsingExcel" time="5.591" errors="0" timestamp="2022-08-29T16:57:43 IST" skipped="0">
  <testcase classname="com.vtechsolution.orangehrm.testcases.Login_TC_UsingExcel" name="LoginTC_002" time="5.591"/>
  <system-out/>
</testsuite> <!-- com.vtechsolution.orangehrm.testcases.Login_TC_UsingExcel -->
